<?xml version="1.0" encoding="UTF-8"?>
<testng-results skipped="0" failed="0" ignored="0" total="2" passed="2">
  <reporter-output>
  </reporter-output>
  <suite name="Default suite" duration-ms="65" started-at="2018-03-02T05:07:38Z" finished-at="2018-03-02T05:07:38Z">
    <groups>
    </groups>
    <test name="Default test" duration-ms="65" started-at="2018-03-02T05:07:38Z" finished-at="2018-03-02T05:07:38Z">
      <class name="Test.test">
        <test-method status="PASS" signature="Dummy_test_to_fail()[pri:0, instance:Test.test@61a485d2]" name="Dummy_test_to_fail" duration-ms="21" started-at="2018-03-02T07:07:38Z" finished-at="2018-03-02T07:07:38Z">
          <reporter-output>
          </reporter-output>
        </test-method> <!-- Dummy_test_to_fail -->
        <test-method status="PASS" signature="Dummy_test_to_pass()[pri:0, instance:Test.test@61a485d2]" name="Dummy_test_to_pass" duration-ms="3" started-at="2018-03-02T07:07:38Z" finished-at="2018-03-02T07:07:38Z">
          <reporter-output>
          </reporter-output>
        </test-method> <!-- Dummy_test_to_pass -->
      </class> <!-- Test.test -->
    </test> <!-- Default test -->
  </suite> <!-- Default suite -->
</testng-results>
